2015-06-23 16:10:43 ContextLoader [INFO] Root WebApplicationContext: initialization started
2015-06-23 16:10:43 XmlWebApplicationContext [INFO] Refreshing Root WebApplicationContext: startup date [Tue Jun 23 16:10:43 CST 2015]; root of context hierarchy
2015-06-23 16:10:43 ContextLoader [ERROR] Context initialization failed
org.springframework.beans.factory.BeanDefinitionStoreException: Could not resolve bean definition resource pattern [/WEB-INF/classes/com/keytec/activemq/*.xml]; nested exception is java.io.FileNotFoundException: ServletContext resource [/WEB-INF/classes/com/keytec/activemq/] cannot be resolved to URL because it does not exist
	at org.springframework.beans.factory.support.AbstractBeanDefinitionReader.loadBeanDefinitions(AbstractBeanDefinitionReader.java:229)
	at org.springframework.beans.factory.support.AbstractBeanDefinitionReader.loadBeanDefinitions(AbstractBeanDefinitionReader.java:188)
	at org.springframework.web.context.support.XmlWebApplicationContext.loadBeanDefinitions(XmlWebApplicationContext.java:125)
	at org.springframework.web.context.support.XmlWebApplicationContext.loadBeanDefinitions(XmlWebApplicationContext.java:94)
	at org.springframework.context.support.AbstractRefreshableApplicationContext.refreshBeanFactory(AbstractRefreshableApplicationContext.java:129)
	at org.springframework.context.support.AbstractApplicationContext.obtainFreshBeanFactory(AbstractApplicationContext.java:537)
	at org.springframework.context.support.AbstractApplicationContext.refresh(AbstractApplicationContext.java:452)
	at org.springframework.web.context.ContextLoader.configureAndRefreshWebApplicationContext(ContextLoader.java:389)
	at org.springframework.web.context.ContextLoader.initWebApplicationContext(ContextLoader.java:294)
	at org.springframework.web.context.ContextLoaderListener.contextInitialized(ContextLoaderListener.java:112)
	at org.apache.catalina.core.StandardContext.listenerStart(StandardContext.java:4135)
	at org.apache.catalina.core.StandardContext.start(StandardContext.java:4630)
	at org.apache.catalina.core.ContainerBase.start(ContainerBase.java:1045)
	at org.apache.catalina.core.StandardHost.start(StandardHost.java:785)
	at org.apache.catalina.core.ContainerBase.start(ContainerBase.java:1045)
	at org.apache.catalina.core.StandardEngine.start(StandardEngine.java:445)
	at org.apache.catalina.startup.Embedded.start(Embedded.java:825)
	at org.codehaus.mojo.tomcat.AbstractRunMojo.startContainer(AbstractRunMojo.java:558)
	at org.codehaus.mojo.tomcat.AbstractRunMojo.execute(AbstractRunMojo.java:255)
	at org.apache.maven.plugin.DefaultBuildPluginManager.executeMojo(DefaultBuildPluginManager.java:132)
	at org.apache.maven.lifecycle.internal.MojoExecutor.execute(MojoExecutor.java:208)
	at org.apache.maven.lifecycle.internal.MojoExecutor.execute(MojoExecutor.java:153)
	at org.apache.maven.lifecycle.internal.MojoExecutor.execute(MojoExecutor.java:145)
	at org.apache.maven.lifecycle.internal.LifecycleModuleBuilder.buildProject(LifecycleModuleBuilder.java:116)
	at org.apache.maven.lifecycle.internal.LifecycleModuleBuilder.buildProject(LifecycleModuleBuilder.java:80)
	at org.apache.maven.lifecycle.internal.builder.singlethreaded.SingleThreadedBuilder.build(SingleThreadedBuilder.java:51)
	at org.apache.maven.lifecycle.internal.LifecycleStarter.execute(LifecycleStarter.java:120)
	at org.apache.maven.DefaultMaven.doExecute(DefaultMaven.java:347)
	at org.apache.maven.DefaultMaven.execute(DefaultMaven.java:154)
	at org.apache.maven.cli.MavenCli.execute(MavenCli.java:584)
	at org.apache.maven.cli.MavenCli.doMain(MavenCli.java:213)
	at org.apache.maven.cli.MavenCli.main(MavenCli.java:157)
	at sun.reflect.NativeMethodAccessorImpl.invoke0(Native Method)
	at sun.reflect.NativeMethodAccessorImpl.invoke(NativeMethodAccessorImpl.java:57)
	at sun.reflect.DelegatingMethodAccessorImpl.invoke(DelegatingMethodAccessorImpl.java:43)
	at java.lang.reflect.Method.invoke(Method.java:606)
	at org.codehaus.plexus.classworlds.launcher.Launcher.launchEnhanced(Launcher.java:289)
	at org.codehaus.plexus.classworlds.launcher.Launcher.launch(Launcher.java:229)
	at org.codehaus.plexus.classworlds.launcher.Launcher.mainWithExitCode(Launcher.java:415)
	at org.codehaus.plexus.classworlds.launcher.Launcher.main(Launcher.java:356)
Caused by: java.io.FileNotFoundException: ServletContext resource [/WEB-INF/classes/com/keytec/activemq/] cannot be resolved to URL because it does not exist
	at org.springframework.web.context.support.ServletContextResource.getURL(ServletContextResource.java:154)
	at org.springframework.core.io.support.PathMatchingResourcePatternResolver.findPathMatchingResources(PathMatchingResourcePatternResolver.java:412)
	at org.springframework.core.io.support.PathMatchingResourcePatternResolver.getResources(PathMatchingResourcePatternResolver.java:286)
	at org.springframework.context.support.AbstractApplicationContext.getResources(AbstractApplicationContext.java:1159)
	at org.springframework.beans.factory.support.AbstractBeanDefinitionReader.loadBeanDefinitions(AbstractBeanDefinitionReader.java:216)
	... 39 more
2015-06-23 16:18:18 ContextLoader [INFO] Root WebApplicationContext: initialization started
2015-06-23 16:18:18 XmlWebApplicationContext [INFO] Refreshing Root WebApplicationContext: startup date [Tue Jun 23 16:18:18 CST 2015]; root of context hierarchy
2015-06-23 16:18:18 ContextLoader [ERROR] Context initialization failed
org.springframework.beans.factory.BeanDefinitionStoreException: Could not resolve bean definition resource pattern [/WEB-INF/classes/com/keytec/activemq/*.xml]; nested exception is java.io.FileNotFoundException: ServletContext resource [/WEB-INF/classes/com/keytec/activemq/] cannot be resolved to URL because it does not exist
	at org.springframework.beans.factory.support.AbstractBeanDefinitionReader.loadBeanDefinitions(AbstractBeanDefinitionReader.java:229)
	at org.springframework.beans.factory.support.AbstractBeanDefinitionReader.loadBeanDefinitions(AbstractBeanDefinitionReader.java:188)
	at org.springframework.web.context.support.XmlWebApplicationContext.loadBeanDefinitions(XmlWebApplicationContext.java:125)
	at org.springframework.web.context.support.XmlWebApplicationContext.loadBeanDefinitions(XmlWebApplicationContext.java:94)
	at org.springframework.context.support.AbstractRefreshableApplicationContext.refreshBeanFactory(AbstractRefreshableApplicationContext.java:129)
	at org.springframework.context.support.AbstractApplicationContext.obtainFreshBeanFactory(AbstractApplicationContext.java:537)
	at org.springframework.context.support.AbstractApplicationContext.refresh(AbstractApplicationContext.java:452)
	at org.springframework.web.context.ContextLoader.configureAndRefreshWebApplicationContext(ContextLoader.java:389)
	at org.springframework.web.context.ContextLoader.initWebApplicationContext(ContextLoader.java:294)
	at org.springframework.web.context.ContextLoaderListener.contextInitialized(ContextLoaderListener.java:112)
	at org.apache.catalina.core.StandardContext.listenerStart(StandardContext.java:4135)
	at org.apache.catalina.core.StandardContext.start(StandardContext.java:4630)
	at org.apache.catalina.core.ContainerBase.start(ContainerBase.java:1045)
	at org.apache.catalina.core.StandardHost.start(StandardHost.java:785)
	at org.apache.catalina.core.ContainerBase.start(ContainerBase.java:1045)
	at org.apache.catalina.core.StandardEngine.start(StandardEngine.java:445)
	at org.apache.catalina.startup.Embedded.start(Embedded.java:825)
	at org.codehaus.mojo.tomcat.AbstractRunMojo.startContainer(AbstractRunMojo.java:558)
	at org.codehaus.mojo.tomcat.AbstractRunMojo.execute(AbstractRunMojo.java:255)
	at org.apache.maven.plugin.DefaultBuildPluginManager.executeMojo(DefaultBuildPluginManager.java:132)
	at org.apache.maven.lifecycle.internal.MojoExecutor.execute(MojoExecutor.java:208)
	at org.apache.maven.lifecycle.internal.MojoExecutor.execute(MojoExecutor.java:153)
	at org.apache.maven.lifecycle.internal.MojoExecutor.execute(MojoExecutor.java:145)
	at org.apache.maven.lifecycle.internal.LifecycleModuleBuilder.buildProject(LifecycleModuleBuilder.java:116)
	at org.apache.maven.lifecycle.internal.LifecycleModuleBuilder.buildProject(LifecycleModuleBuilder.java:80)
	at org.apache.maven.lifecycle.internal.builder.singlethreaded.SingleThreadedBuilder.build(SingleThreadedBuilder.java:51)
	at org.apache.maven.lifecycle.internal.LifecycleStarter.execute(LifecycleStarter.java:120)
	at org.apache.maven.DefaultMaven.doExecute(DefaultMaven.java:347)
	at org.apache.maven.DefaultMaven.execute(DefaultMaven.java:154)
	at org.apache.maven.cli.MavenCli.execute(MavenCli.java:584)
	at org.apache.maven.cli.MavenCli.doMain(MavenCli.java:213)
	at org.apache.maven.cli.MavenCli.main(MavenCli.java:157)
	at sun.reflect.NativeMethodAccessorImpl.invoke0(Native Method)
	at sun.reflect.NativeMethodAccessorImpl.invoke(NativeMethodAccessorImpl.java:57)
	at sun.reflect.DelegatingMethodAccessorImpl.invoke(DelegatingMethodAccessorImpl.java:43)
	at java.lang.reflect.Method.invoke(Method.java:606)
	at org.codehaus.plexus.classworlds.launcher.Launcher.launchEnhanced(Launcher.java:289)
	at org.codehaus.plexus.classworlds.launcher.Launcher.launch(Launcher.java:229)
	at org.codehaus.plexus.classworlds.launcher.Launcher.mainWithExitCode(Launcher.java:415)
	at org.codehaus.plexus.classworlds.launcher.Launcher.main(Launcher.java:356)
Caused by: java.io.FileNotFoundException: ServletContext resource [/WEB-INF/classes/com/keytec/activemq/] cannot be resolved to URL because it does not exist
	at org.springframework.web.context.support.ServletContextResource.getURL(ServletContextResource.java:154)
	at org.springframework.core.io.support.PathMatchingResourcePatternResolver.findPathMatchingResources(PathMatchingResourcePatternResolver.java:412)
	at org.springframework.core.io.support.PathMatchingResourcePatternResolver.getResources(PathMatchingResourcePatternResolver.java:286)
	at org.springframework.context.support.AbstractApplicationContext.getResources(AbstractApplicationContext.java:1159)
	at org.springframework.beans.factory.support.AbstractBeanDefinitionReader.loadBeanDefinitions(AbstractBeanDefinitionReader.java:216)
	... 39 more
2015-06-23 16:23:52 ContextLoader [INFO] Root WebApplicationContext: initialization started
2015-06-23 16:23:52 XmlWebApplicationContext [INFO] Refreshing Root WebApplicationContext: startup date [Tue Jun 23 16:23:52 CST 2015]; root of context hierarchy
2015-06-23 16:23:52 ContextLoader [ERROR] Context initialization failed
org.springframework.beans.factory.BeanDefinitionStoreException: Could not resolve bean definition resource pattern [/classes/*.xml]; nested exception is java.io.FileNotFoundException: ServletContext resource [/classes/] cannot be resolved to URL because it does not exist
	at org.springframework.beans.factory.support.AbstractBeanDefinitionReader.loadBeanDefinitions(AbstractBeanDefinitionReader.java:229)
	at org.springframework.beans.factory.support.AbstractBeanDefinitionReader.loadBeanDefinitions(AbstractBeanDefinitionReader.java:188)
	at org.springframework.web.context.support.XmlWebApplicationContext.loadBeanDefinitions(XmlWebApplicationContext.java:125)
	at org.springframework.web.context.support.XmlWebApplicationContext.loadBeanDefinitions(XmlWebApplicationContext.java:94)
	at org.springframework.context.support.AbstractRefreshableApplicationContext.refreshBeanFactory(AbstractRefreshableApplicationContext.java:129)
	at org.springframework.context.support.AbstractApplicationContext.obtainFreshBeanFactory(AbstractApplicationContext.java:537)
	at org.springframework.context.support.AbstractApplicationContext.refresh(AbstractApplicationContext.java:452)
	at org.springframework.web.context.ContextLoader.configureAndRefreshWebApplicationContext(ContextLoader.java:389)
	at org.springframework.web.context.ContextLoader.initWebApplicationContext(ContextLoader.java:294)
	at org.springframework.web.context.ContextLoaderListener.contextInitialized(ContextLoaderListener.java:112)
	at org.apache.catalina.core.StandardContext.listenerStart(StandardContext.java:4135)
	at org.apache.catalina.core.StandardContext.start(StandardContext.java:4630)
	at org.apache.catalina.core.ContainerBase.start(ContainerBase.java:1045)
	at org.apache.catalina.core.StandardHost.start(StandardHost.java:785)
	at org.apache.catalina.core.ContainerBase.start(ContainerBase.java:1045)
	at org.apache.catalina.core.StandardEngine.start(StandardEngine.java:445)
	at org.apache.catalina.startup.Embedded.start(Embedded.java:825)
	at org.codehaus.mojo.tomcat.AbstractRunMojo.startContainer(AbstractRunMojo.java:558)
	at org.codehaus.mojo.tomcat.AbstractRunMojo.execute(AbstractRunMojo.java:255)
	at org.apache.maven.plugin.DefaultBuildPluginManager.executeMojo(DefaultBuildPluginManager.java:132)
	at org.apache.maven.lifecycle.internal.MojoExecutor.execute(MojoExecutor.java:208)
	at org.apache.maven.lifecycle.internal.MojoExecutor.execute(MojoExecutor.java:153)
	at org.apache.maven.lifecycle.internal.MojoExecutor.execute(MojoExecutor.java:145)
	at org.apache.maven.lifecycle.internal.LifecycleModuleBuilder.buildProject(LifecycleModuleBuilder.java:116)
	at org.apache.maven.lifecycle.internal.LifecycleModuleBuilder.buildProject(LifecycleModuleBuilder.java:80)
	at org.apache.maven.lifecycle.internal.builder.singlethreaded.SingleThreadedBuilder.build(SingleThreadedBuilder.java:51)
	at org.apache.maven.lifecycle.internal.LifecycleStarter.execute(LifecycleStarter.java:120)
	at org.apache.maven.DefaultMaven.doExecute(DefaultMaven.java:347)
	at org.apache.maven.DefaultMaven.execute(DefaultMaven.java:154)
	at org.apache.maven.cli.MavenCli.execute(MavenCli.java:584)
	at org.apache.maven.cli.MavenCli.doMain(MavenCli.java:213)
	at org.apache.maven.cli.MavenCli.main(MavenCli.java:157)
	at sun.reflect.NativeMethodAccessorImpl.invoke0(Native Method)
	at sun.reflect.NativeMethodAccessorImpl.invoke(NativeMethodAccessorImpl.java:57)
	at sun.reflect.DelegatingMethodAccessorImpl.invoke(DelegatingMethodAccessorImpl.java:43)
	at java.lang.reflect.Method.invoke(Method.java:606)
	at org.codehaus.plexus.classworlds.launcher.Launcher.launchEnhanced(Launcher.java:289)
	at org.codehaus.plexus.classworlds.launcher.Launcher.launch(Launcher.java:229)
	at org.codehaus.plexus.classworlds.launcher.Launcher.mainWithExitCode(Launcher.java:415)
	at org.codehaus.plexus.classworlds.launcher.Launcher.main(Launcher.java:356)
Caused by: java.io.FileNotFoundException: ServletContext resource [/classes/] cannot be resolved to URL because it does not exist
	at org.springframework.web.context.support.ServletContextResource.getURL(ServletContextResource.java:154)
	at org.springframework.core.io.support.PathMatchingResourcePatternResolver.findPathMatchingResources(PathMatchingResourcePatternResolver.java:412)
	at org.springframework.core.io.support.PathMatchingResourcePatternResolver.getResources(PathMatchingResourcePatternResolver.java:286)
	at org.springframework.context.support.AbstractApplicationContext.getResources(AbstractApplicationContext.java:1159)
	at org.springframework.beans.factory.support.AbstractBeanDefinitionReader.loadBeanDefinitions(AbstractBeanDefinitionReader.java:216)
	... 39 more
2015-06-23 16:24:10 ContextLoader [INFO] Root WebApplicationContext: initialization started
2015-06-23 16:24:10 XmlWebApplicationContext [INFO] Refreshing Root WebApplicationContext: startup date [Tue Jun 23 16:24:10 CST 2015]; root of context hierarchy
2015-06-23 16:24:10 ContextLoader [ERROR] Context initialization failed
org.springframework.beans.factory.BeanDefinitionStoreException: Could not resolve bean definition resource pattern [/classes/*.xml]; nested exception is java.io.FileNotFoundException: ServletContext resource [/classes/] cannot be resolved to URL because it does not exist
	at org.springframework.beans.factory.support.AbstractBeanDefinitionReader.loadBeanDefinitions(AbstractBeanDefinitionReader.java:229)
	at org.springframework.beans.factory.support.AbstractBeanDefinitionReader.loadBeanDefinitions(AbstractBeanDefinitionReader.java:188)
	at org.springframework.web.context.support.XmlWebApplicationContext.loadBeanDefinitions(XmlWebApplicationContext.java:125)
	at org.springframework.web.context.support.XmlWebApplicationContext.loadBeanDefinitions(XmlWebApplicationContext.java:94)
	at org.springframework.context.support.AbstractRefreshableApplicationContext.refreshBeanFactory(AbstractRefreshableApplicationContext.java:129)
	at org.springframework.context.support.AbstractApplicationContext.obtainFreshBeanFactory(AbstractApplicationContext.java:537)
	at org.springframework.context.support.AbstractApplicationContext.refresh(AbstractApplicationContext.java:452)
	at org.springframework.web.context.ContextLoader.configureAndRefreshWebApplicationContext(ContextLoader.java:389)
	at org.springframework.web.context.ContextLoader.initWebApplicationContext(ContextLoader.java:294)
	at org.springframework.web.context.ContextLoaderListener.contextInitialized(ContextLoaderListener.java:112)
	at org.apache.catalina.core.StandardContext.listenerStart(StandardContext.java:4135)
	at org.apache.catalina.core.StandardContext.start(StandardContext.java:4630)
	at org.apache.catalina.core.ContainerBase.start(ContainerBase.java:1045)
	at org.apache.catalina.core.StandardHost.start(StandardHost.java:785)
	at org.apache.catalina.core.ContainerBase.start(ContainerBase.java:1045)
	at org.apache.catalina.core.StandardEngine.start(StandardEngine.java:445)
	at org.apache.catalina.startup.Embedded.start(Embedded.java:825)
	at org.codehaus.mojo.tomcat.AbstractRunMojo.startContainer(AbstractRunMojo.java:558)
	at org.codehaus.mojo.tomcat.AbstractRunMojo.execute(AbstractRunMojo.java:255)
	at org.apache.maven.plugin.DefaultBuildPluginManager.executeMojo(DefaultBuildPluginManager.java:132)
	at org.apache.maven.lifecycle.internal.MojoExecutor.execute(MojoExecutor.java:208)
	at org.apache.maven.lifecycle.internal.MojoExecutor.execute(MojoExecutor.java:153)
	at org.apache.maven.lifecycle.internal.MojoExecutor.execute(MojoExecutor.java:145)
	at org.apache.maven.lifecycle.internal.LifecycleModuleBuilder.buildProject(LifecycleModuleBuilder.java:116)
	at org.apache.maven.lifecycle.internal.LifecycleModuleBuilder.buildProject(LifecycleModuleBuilder.java:80)
	at org.apache.maven.lifecycle.internal.builder.singlethreaded.SingleThreadedBuilder.build(SingleThreadedBuilder.java:51)
	at org.apache.maven.lifecycle.internal.LifecycleStarter.execute(LifecycleStarter.java:120)
	at org.apache.maven.DefaultMaven.doExecute(DefaultMaven.java:347)
	at org.apache.maven.DefaultMaven.execute(DefaultMaven.java:154)
	at org.apache.maven.cli.MavenCli.execute(MavenCli.java:584)
	at org.apache.maven.cli.MavenCli.doMain(MavenCli.java:213)
	at org.apache.maven.cli.MavenCli.main(MavenCli.java:157)
	at sun.reflect.NativeMethodAccessorImpl.invoke0(Native Method)
	at sun.reflect.NativeMethodAccessorImpl.invoke(NativeMethodAccessorImpl.java:57)
	at sun.reflect.DelegatingMethodAccessorImpl.invoke(DelegatingMethodAccessorImpl.java:43)
	at java.lang.reflect.Method.invoke(Method.java:606)
	at org.codehaus.plexus.classworlds.launcher.Launcher.launchEnhanced(Launcher.java:289)
	at org.codehaus.plexus.classworlds.launcher.Launcher.launch(Launcher.java:229)
	at org.codehaus.plexus.classworlds.launcher.Launcher.mainWithExitCode(Launcher.java:415)
	at org.codehaus.plexus.classworlds.launcher.Launcher.main(Launcher.java:356)
Caused by: java.io.FileNotFoundException: ServletContext resource [/classes/] cannot be resolved to URL because it does not exist
	at org.springframework.web.context.support.ServletContextResource.getURL(ServletContextResource.java:154)
	at org.springframework.core.io.support.PathMatchingResourcePatternResolver.findPathMatchingResources(PathMatchingResourcePatternResolver.java:412)
	at org.springframework.core.io.support.PathMatchingResourcePatternResolver.getResources(PathMatchingResourcePatternResolver.java:286)
	at org.springframework.context.support.AbstractApplicationContext.getResources(AbstractApplicationContext.java:1159)
	at org.springframework.beans.factory.support.AbstractBeanDefinitionReader.loadBeanDefinitions(AbstractBeanDefinitionReader.java:216)
	... 39 more
2015-06-23 16:24:48 ContextLoader [INFO] Root WebApplicationContext: initialization started
2015-06-23 16:24:48 XmlWebApplicationContext [INFO] Refreshing Root WebApplicationContext: startup date [Tue Jun 23 16:24:48 CST 2015]; root of context hierarchy
2015-06-23 16:24:48 ContextLoader [INFO] Root WebApplicationContext: initialization completed in 146 ms
2015-06-23 16:26:25 ContextLoader [INFO] Root WebApplicationContext: initialization started
2015-06-23 16:26:25 XmlWebApplicationContext [INFO] Refreshing Root WebApplicationContext: startup date [Tue Jun 23 16:26:25 CST 2015]; root of context hierarchy
2015-06-23 16:26:25 ContextLoader [INFO] Root WebApplicationContext: initialization completed in 113 ms
2015-06-23 16:29:57 ContextLoader [INFO] Root WebApplicationContext: initialization started
2015-06-23 16:29:57 XmlWebApplicationContext [INFO] Refreshing Root WebApplicationContext: startup date [Tue Jun 23 16:29:57 CST 2015]; root of context hierarchy
2015-06-23 16:29:57 ContextLoader [INFO] Root WebApplicationContext: initialization completed in 126 ms
2015-06-23 16:33:45 ContextLoader [INFO] Root WebApplicationContext: initialization started
2015-06-23 16:33:45 XmlWebApplicationContext [INFO] Refreshing Root WebApplicationContext: startup date [Tue Jun 23 16:33:45 CST 2015]; root of context hierarchy
2015-06-23 16:33:45 ContextLoader [INFO] Root WebApplicationContext: initialization completed in 102 ms
2015-06-23 16:37:03 ContextLoader [INFO] Root WebApplicationContext: initialization started
2015-06-23 16:37:03 XmlWebApplicationContext [INFO] Refreshing Root WebApplicationContext: startup date [Tue Jun 23 16:37:03 CST 2015]; root of context hierarchy
2015-06-23 16:37:03 XmlBeanDefinitionReader [INFO] Loading XML bean definitions from file [E:\workspace4.4\activemq-spring-demo\target\classes\applicationContext-common.xml]
2015-06-23 16:37:04 XmlBeanDefinitionReader [INFO] Loading XML bean definitions from file [E:\workspace4.4\activemq-spring-demo\target\classes\applicationContext-rop.xml]
2015-06-23 16:37:04 AnnotationDrivenBeanDefinitionParser [DEBUG] Please use /i18n/rop/sampleRopError,i18n/rop/sampleRopError1 of schema to set error resources
2015-06-23 16:37:04 AutowiredAnnotationBeanPostProcessor [INFO] JSR-330 'javax.inject.Inject' annotation found and supported for autowiring
2015-06-23 16:37:04 XmlWebApplicationContext [WARN] Exception encountered during context initialization - cancelling refresh attempt
org.springframework.beans.factory.BeanCreationException: Error creating bean with name 'router': Cannot resolve reference to bean 'lzaAppSecretManager' while setting bean property 'appSecretManager'; nested exception is org.springframework.beans.factory.CannotLoadBeanClassException: Cannot find class [com.keytec.activemq.rop.LzaAppSecretManager] for bean with name 'lzaAppSecretManager' defined in file [E:\workspace4.4\activemq-spring-demo\target\classes\applicationContext-rop.xml]; nested exception is java.lang.ClassNotFoundException: com.keytec.activemq.rop.LzaAppSecretManager
	at org.springframework.beans.factory.support.BeanDefinitionValueResolver.resolveReference(BeanDefinitionValueResolver.java:359)
	at org.springframework.beans.factory.support.BeanDefinitionValueResolver.resolveValueIfNecessary(BeanDefinitionValueResolver.java:108)
	at org.springframework.beans.factory.support.AbstractAutowireCapableBeanFactory.applyPropertyValues(AbstractAutowireCapableBeanFactory.java:1471)
	at org.springframework.beans.factory.support.AbstractAutowireCapableBeanFactory.populateBean(AbstractAutowireCapableBeanFactory.java:1216)
	at org.springframework.beans.factory.support.AbstractAutowireCapableBeanFactory.doCreateBean(AbstractAutowireCapableBeanFactory.java:538)
	at org.springframework.beans.factory.support.AbstractAutowireCapableBeanFactory.createBean(AbstractAutowireCapableBeanFactory.java:476)
	at org.springframework.beans.factory.support.AbstractBeanFactory$1.getObject(AbstractBeanFactory.java:302)
	at org.springframework.beans.factory.support.DefaultSingletonBeanRegistry.getSingleton(DefaultSingletonBeanRegistry.java:229)
	at org.springframework.beans.factory.support.AbstractBeanFactory.doGetBean(AbstractBeanFactory.java:298)
	at org.springframework.beans.factory.support.AbstractBeanFactory.getBean(AbstractBeanFactory.java:193)
	at org.springframework.beans.factory.support.DefaultListableBeanFactory.preInstantiateSingletons(DefaultListableBeanFactory.java:743)
	at org.springframework.context.support.AbstractApplicationContext.finishBeanFactoryInitialization(AbstractApplicationContext.java:757)
	at org.springframework.context.support.AbstractApplicationContext.refresh(AbstractApplicationContext.java:480)
	at org.springframework.web.context.ContextLoader.configureAndRefreshWebApplicationContext(ContextLoader.java:389)
	at org.springframework.web.context.ContextLoader.initWebApplicationContext(ContextLoader.java:294)
	at org.springframework.web.context.ContextLoaderListener.contextInitialized(ContextLoaderListener.java:112)
	at org.apache.catalina.core.StandardContext.listenerStart(StandardContext.java:4135)
	at org.apache.catalina.core.StandardContext.start(StandardContext.java:4630)
	at org.apache.catalina.core.ContainerBase.start(ContainerBase.java:1045)
	at org.apache.catalina.core.StandardHost.start(StandardHost.java:785)
	at org.apache.catalina.core.ContainerBase.start(ContainerBase.java:1045)
	at org.apache.catalina.core.StandardEngine.start(StandardEngine.java:445)
	at org.apache.catalina.startup.Embedded.start(Embedded.java:825)
	at org.codehaus.mojo.tomcat.AbstractRunMojo.startContainer(AbstractRunMojo.java:558)
	at org.codehaus.mojo.tomcat.AbstractRunMojo.execute(AbstractRunMojo.java:255)
	at org.apache.maven.plugin.DefaultBuildPluginManager.executeMojo(DefaultBuildPluginManager.java:132)
	at org.apache.maven.lifecycle.internal.MojoExecutor.execute(MojoExecutor.java:208)
	at org.apache.maven.lifecycle.internal.MojoExecutor.execute(MojoExecutor.java:153)
	at org.apache.maven.lifecycle.internal.MojoExecutor.execute(MojoExecutor.java:145)
	at org.apache.maven.lifecycle.internal.LifecycleModuleBuilder.buildProject(LifecycleModuleBuilder.java:116)
	at org.apache.maven.lifecycle.internal.LifecycleModuleBuilder.buildProject(LifecycleModuleBuilder.java:80)
	at org.apache.maven.lifecycle.internal.builder.singlethreaded.SingleThreadedBuilder.build(SingleThreadedBuilder.java:51)
	at org.apache.maven.lifecycle.internal.LifecycleStarter.execute(LifecycleStarter.java:120)
	at org.apache.maven.DefaultMaven.doExecute(DefaultMaven.java:347)
	at org.apache.maven.DefaultMaven.execute(DefaultMaven.java:154)
	at org.apache.maven.cli.MavenCli.execute(MavenCli.java:584)
	at org.apache.maven.cli.MavenCli.doMain(MavenCli.java:213)
	at org.apache.maven.cli.MavenCli.main(MavenCli.java:157)
	at sun.reflect.NativeMethodAccessorImpl.invoke0(Native Method)
	at sun.reflect.NativeMethodAccessorImpl.invoke(NativeMethodAccessorImpl.java:57)
	at sun.reflect.DelegatingMethodAccessorImpl.invoke(DelegatingMethodAccessorImpl.java:43)
	at java.lang.reflect.Method.invoke(Method.java:606)
	at org.codehaus.plexus.classworlds.launcher.Launcher.launchEnhanced(Launcher.java:289)
	at org.codehaus.plexus.classworlds.launcher.Launcher.launch(Launcher.java:229)
	at org.codehaus.plexus.classworlds.launcher.Launcher.mainWithExitCode(Launcher.java:415)
	at org.codehaus.plexus.classworlds.launcher.Launcher.main(Launcher.java:356)
Caused by: org.springframework.beans.factory.CannotLoadBeanClassException: Cannot find class [com.keytec.activemq.rop.LzaAppSecretManager] for bean with name 'lzaAppSecretManager' defined in file [E:\workspace4.4\activemq-spring-demo\target\classes\applicationContext-rop.xml]; nested exception is java.lang.ClassNotFoundException: com.keytec.activemq.rop.LzaAppSecretManager
	at org.springframework.beans.factory.support.AbstractBeanFactory.resolveBeanClass(AbstractBeanFactory.java:1325)
	at org.springframework.beans.factory.support.AbstractAutowireCapableBeanFactory.createBean(AbstractAutowireCapableBeanFactory.java:453)
	at org.springframework.beans.factory.support.AbstractBeanFactory$1.getObject(AbstractBeanFactory.java:302)
	at org.springframework.beans.factory.support.DefaultSingletonBeanRegistry.getSingleton(DefaultSingletonBeanRegistry.java:229)
	at org.springframework.beans.factory.support.AbstractBeanFactory.doGetBean(AbstractBeanFactory.java:298)
	at org.springframework.beans.factory.support.AbstractBeanFactory.getBean(AbstractBeanFactory.java:193)
	at org.springframework.beans.factory.support.BeanDefinitionValueResolver.resolveReference(BeanDefinitionValueResolver.java:351)
	... 45 more
Caused by: java.lang.ClassNotFoundException: com.keytec.activemq.rop.LzaAppSecretManager
	at org.apache.catalina.loader.WebappClassLoader.loadClass(WebappClassLoader.java:1645)
	at org.apache.catalina.loader.WebappClassLoader.loadClass(WebappClassLoader.java:1491)
	at org.springframework.util.ClassUtils.forName(ClassUtils.java:249)
	at org.springframework.beans.factory.support.AbstractBeanDefinition.resolveBeanClass(AbstractBeanDefinition.java:395)
	at org.springframework.beans.factory.support.AbstractBeanFactory.doResolveBeanClass(AbstractBeanFactory.java:1346)
	at org.springframework.beans.factory.support.AbstractBeanFactory.resolveBeanClass(AbstractBeanFactory.java:1317)
	... 51 more
2015-06-23 16:37:04 ContextLoader [ERROR] Context initialization failed
org.springframework.beans.factory.BeanCreationException: Error creating bean with name 'router': Cannot resolve reference to bean 'lzaAppSecretManager' while setting bean property 'appSecretManager'; nested exception is org.springframework.beans.factory.CannotLoadBeanClassException: Cannot find class [com.keytec.activemq.rop.LzaAppSecretManager] for bean with name 'lzaAppSecretManager' defined in file [E:\workspace4.4\activemq-spring-demo\target\classes\applicationContext-rop.xml]; nested exception is java.lang.ClassNotFoundException: com.keytec.activemq.rop.LzaAppSecretManager
	at org.springframework.beans.factory.support.BeanDefinitionValueResolver.resolveReference(BeanDefinitionValueResolver.java:359)
	at org.springframework.beans.factory.support.BeanDefinitionValueResolver.resolveValueIfNecessary(BeanDefinitionValueResolver.java:108)
	at org.springframework.beans.factory.support.AbstractAutowireCapableBeanFactory.applyPropertyValues(AbstractAutowireCapableBeanFactory.java:1471)
	at org.springframework.beans.factory.support.AbstractAutowireCapableBeanFactory.populateBean(AbstractAutowireCapableBeanFactory.java:1216)
	at org.springframework.beans.factory.support.AbstractAutowireCapableBeanFactory.doCreateBean(AbstractAutowireCapableBeanFactory.java:538)
	at org.springframework.beans.factory.support.AbstractAutowireCapableBeanFactory.createBean(AbstractAutowireCapableBeanFactory.java:476)
	at org.springframework.beans.factory.support.AbstractBeanFactory$1.getObject(AbstractBeanFactory.java:302)
	at org.springframework.beans.factory.support.DefaultSingletonBeanRegistry.getSingleton(DefaultSingletonBeanRegistry.java:229)
	at org.springframework.beans.factory.support.AbstractBeanFactory.doGetBean(AbstractBeanFactory.java:298)
	at org.springframework.beans.factory.support.AbstractBeanFactory.getBean(AbstractBeanFactory.java:193)
	at org.springframework.beans.factory.support.DefaultListableBeanFactory.preInstantiateSingletons(DefaultListableBeanFactory.java:743)
	at org.springframework.context.support.AbstractApplicationContext.finishBeanFactoryInitialization(AbstractApplicationContext.java:757)
	at org.springframework.context.support.AbstractApplicationContext.refresh(AbstractApplicationContext.java:480)
	at org.springframework.web.context.ContextLoader.configureAndRefreshWebApplicationContext(ContextLoader.java:389)
	at org.springframework.web.context.ContextLoader.initWebApplicationContext(ContextLoader.java:294)
	at org.springframework.web.context.ContextLoaderListener.contextInitialized(ContextLoaderListener.java:112)
	at org.apache.catalina.core.StandardContext.listenerStart(StandardContext.java:4135)
	at org.apache.catalina.core.StandardContext.start(StandardContext.java:4630)
	at org.apache.catalina.core.ContainerBase.start(ContainerBase.java:1045)
	at org.apache.catalina.core.StandardHost.start(StandardHost.java:785)
	at org.apache.catalina.core.ContainerBase.start(ContainerBase.java:1045)
	at org.apache.catalina.core.StandardEngine.start(StandardEngine.java:445)
	at org.apache.catalina.startup.Embedded.start(Embedded.java:825)
	at org.codehaus.mojo.tomcat.AbstractRunMojo.startContainer(AbstractRunMojo.java:558)
	at org.codehaus.mojo.tomcat.AbstractRunMojo.execute(AbstractRunMojo.java:255)
	at org.apache.maven.plugin.DefaultBuildPluginManager.executeMojo(DefaultBuildPluginManager.java:132)
	at org.apache.maven.lifecycle.internal.MojoExecutor.execute(MojoExecutor.java:208)
	at org.apache.maven.lifecycle.internal.MojoExecutor.execute(MojoExecutor.java:153)
	at org.apache.maven.lifecycle.internal.MojoExecutor.execute(MojoExecutor.java:145)
	at org.apache.maven.lifecycle.internal.LifecycleModuleBuilder.buildProject(LifecycleModuleBuilder.java:116)
	at org.apache.maven.lifecycle.internal.LifecycleModuleBuilder.buildProject(LifecycleModuleBuilder.java:80)
	at org.apache.maven.lifecycle.internal.builder.singlethreaded.SingleThreadedBuilder.build(SingleThreadedBuilder.java:51)
	at org.apache.maven.lifecycle.internal.LifecycleStarter.execute(LifecycleStarter.java:120)
	at org.apache.maven.DefaultMaven.doExecute(DefaultMaven.java:347)
	at org.apache.maven.DefaultMaven.execute(DefaultMaven.java:154)
	at org.apache.maven.cli.MavenCli.execute(MavenCli.java:584)
	at org.apache.maven.cli.MavenCli.doMain(MavenCli.java:213)
	at org.apache.maven.cli.MavenCli.main(MavenCli.java:157)
	at sun.reflect.NativeMethodAccessorImpl.invoke0(Native Method)
	at sun.reflect.NativeMethodAccessorImpl.invoke(NativeMethodAccessorImpl.java:57)
	at sun.reflect.DelegatingMethodAccessorImpl.invoke(DelegatingMethodAccessorImpl.java:43)
	at java.lang.reflect.Method.invoke(Method.java:606)
	at org.codehaus.plexus.classworlds.launcher.Launcher.launchEnhanced(Launcher.java:289)
	at org.codehaus.plexus.classworlds.launcher.Launcher.launch(Launcher.java:229)
	at org.codehaus.plexus.classworlds.launcher.Launcher.mainWithExitCode(Launcher.java:415)
	at org.codehaus.plexus.classworlds.launcher.Launcher.main(Launcher.java:356)
Caused by: org.springframework.beans.factory.CannotLoadBeanClassException: Cannot find class [com.keytec.activemq.rop.LzaAppSecretManager] for bean with name 'lzaAppSecretManager' defined in file [E:\workspace4.4\activemq-spring-demo\target\classes\applicationContext-rop.xml]; nested exception is java.lang.ClassNotFoundException: com.keytec.activemq.rop.LzaAppSecretManager
	at org.springframework.beans.factory.support.AbstractBeanFactory.resolveBeanClass(AbstractBeanFactory.java:1325)
	at org.springframework.beans.factory.support.AbstractAutowireCapableBeanFactory.createBean(AbstractAutowireCapableBeanFactory.java:453)
	at org.springframework.beans.factory.support.AbstractBeanFactory$1.getObject(AbstractBeanFactory.java:302)
	at org.springframework.beans.factory.support.DefaultSingletonBeanRegistry.getSingleton(DefaultSingletonBeanRegistry.java:229)
	at org.springframework.beans.factory.support.AbstractBeanFactory.doGetBean(AbstractBeanFactory.java:298)
	at org.springframework.beans.factory.support.AbstractBeanFactory.getBean(AbstractBeanFactory.java:193)
	at org.springframework.beans.factory.support.BeanDefinitionValueResolver.resolveReference(BeanDefinitionValueResolver.java:351)
	... 45 more
Caused by: java.lang.ClassNotFoundException: com.keytec.activemq.rop.LzaAppSecretManager
	at org.apache.catalina.loader.WebappClassLoader.loadClass(WebappClassLoader.java:1645)
	at org.apache.catalina.loader.WebappClassLoader.loadClass(WebappClassLoader.java:1491)
	at org.springframework.util.ClassUtils.forName(ClassUtils.java:249)
	at org.springframework.beans.factory.support.AbstractBeanDefinition.resolveBeanClass(AbstractBeanDefinition.java:395)
	at org.springframework.beans.factory.support.AbstractBeanFactory.doResolveBeanClass(AbstractBeanFactory.java:1346)
	at org.springframework.beans.factory.support.AbstractBeanFactory.resolveBeanClass(AbstractBeanFactory.java:1317)
	... 51 more
2015-06-23 16:39:53 ContextLoader [INFO] Root WebApplicationContext: initialization started
2015-06-23 16:39:53 XmlWebApplicationContext [INFO] Refreshing Root WebApplicationContext: startup date [Tue Jun 23 16:39:53 CST 2015]; root of context hierarchy
2015-06-23 16:39:53 XmlBeanDefinitionReader [INFO] Loading XML bean definitions from file [E:\workspace4.4\activemq-spring-demo\target\classes\applicationContext-common.xml]
2015-06-23 16:39:53 XmlBeanDefinitionReader [INFO] Loading XML bean definitions from file [E:\workspace4.4\activemq-spring-demo\target\classes\applicationContext-rop.xml]
2015-06-23 16:39:53 AnnotationDrivenBeanDefinitionParser [DEBUG] Please use /i18n/rop/sampleRopError,i18n/rop/sampleRopError1 of schema to set error resources
2015-06-23 16:39:53 AutowiredAnnotationBeanPostProcessor [INFO] JSR-330 'javax.inject.Inject' annotation found and supported for autowiring
2015-06-23 16:39:53 XmlWebApplicationContext [WARN] Exception encountered during context initialization - cancelling refresh attempt
org.springframework.beans.factory.BeanCreationException: Error creating bean with name 'router': Cannot resolve reference to bean 'lzaAppSecretManager' while setting bean property 'appSecretManager'; nested exception is org.springframework.beans.factory.CannotLoadBeanClassException: Cannot find class [com.keytec.activemq.rop.LzaAppSecretManager] for bean with name 'lzaAppSecretManager' defined in file [E:\workspace4.4\activemq-spring-demo\target\classes\applicationContext-rop.xml]; nested exception is java.lang.ClassNotFoundException: com.keytec.activemq.rop.LzaAppSecretManager
	at org.springframework.beans.factory.support.BeanDefinitionValueResolver.resolveReference(BeanDefinitionValueResolver.java:359)
	at org.springframework.beans.factory.support.BeanDefinitionValueResolver.resolveValueIfNecessary(BeanDefinitionValueResolver.java:108)
	at org.springframework.beans.factory.support.AbstractAutowireCapableBeanFactory.applyPropertyValues(AbstractAutowireCapableBeanFactory.java:1471)
	at org.springframework.beans.factory.support.AbstractAutowireCapableBeanFactory.populateBean(AbstractAutowireCapableBeanFactory.java:1216)
	at org.springframework.beans.factory.support.AbstractAutowireCapableBeanFactory.doCreateBean(AbstractAutowireCapableBeanFactory.java:538)
	at org.springframework.beans.factory.support.AbstractAutowireCapableBeanFactory.createBean(AbstractAutowireCapableBeanFactory.java:476)
	at org.springframework.beans.factory.support.AbstractBeanFactory$1.getObject(AbstractBeanFactory.java:302)
	at org.springframework.beans.factory.support.DefaultSingletonBeanRegistry.getSingleton(DefaultSingletonBeanRegistry.java:229)
	at org.springframework.beans.factory.support.AbstractBeanFactory.doGetBean(AbstractBeanFactory.java:298)
	at org.springframework.beans.factory.support.AbstractBeanFactory.getBean(AbstractBeanFactory.java:193)
	at org.springframework.beans.factory.support.DefaultListableBeanFactory.preInstantiateSingletons(DefaultListableBeanFactory.java:743)
	at org.springframework.context.support.AbstractApplicationContext.finishBeanFactoryInitialization(AbstractApplicationContext.java:757)
	at org.springframework.context.support.AbstractApplicationContext.refresh(AbstractApplicationContext.java:480)
	at org.springframework.web.context.ContextLoader.configureAndRefreshWebApplicationContext(ContextLoader.java:389)
	at org.springframework.web.context.ContextLoader.initWebApplicationContext(ContextLoader.java:294)
	at org.springframework.web.context.ContextLoaderListener.contextInitialized(ContextLoaderListener.java:112)
	at org.apache.catalina.core.StandardContext.listenerStart(StandardContext.java:4135)
	at org.apache.catalina.core.StandardContext.start(StandardContext.java:4630)
	at org.apache.catalina.core.ContainerBase.start(ContainerBase.java:1045)
	at org.apache.catalina.core.StandardHost.start(StandardHost.java:785)
	at org.apache.catalina.core.ContainerBase.start(ContainerBase.java:1045)
	at org.apache.catalina.core.StandardEngine.start(StandardEngine.java:445)
	at org.apache.catalina.startup.Embedded.start(Embedded.java:825)
	at org.codehaus.mojo.tomcat.AbstractRunMojo.startContainer(AbstractRunMojo.java:558)
	at org.codehaus.mojo.tomcat.AbstractRunMojo.execute(AbstractRunMojo.java:255)
	at org.apache.maven.plugin.DefaultBuildPluginManager.executeMojo(DefaultBuildPluginManager.java:132)
	at org.apache.maven.lifecycle.internal.MojoExecutor.execute(MojoExecutor.java:208)
	at org.apache.maven.lifecycle.internal.MojoExecutor.execute(MojoExecutor.java:153)
	at org.apache.maven.lifecycle.internal.MojoExecutor.execute(MojoExecutor.java:145)
	at org.apache.maven.lifecycle.internal.LifecycleModuleBuilder.buildProject(LifecycleModuleBuilder.java:116)
	at org.apache.maven.lifecycle.internal.LifecycleModuleBuilder.buildProject(LifecycleModuleBuilder.java:80)
	at org.apache.maven.lifecycle.internal.builder.singlethreaded.SingleThreadedBuilder.build(SingleThreadedBuilder.java:51)
	at org.apache.maven.lifecycle.internal.LifecycleStarter.execute(LifecycleStarter.java:120)
	at org.apache.maven.DefaultMaven.doExecute(DefaultMaven.java:347)
	at org.apache.maven.DefaultMaven.execute(DefaultMaven.java:154)
	at org.apache.maven.cli.MavenCli.execute(MavenCli.java:584)
	at org.apache.maven.cli.MavenCli.doMain(MavenCli.java:213)
	at org.apache.maven.cli.MavenCli.main(MavenCli.java:157)
	at sun.reflect.NativeMethodAccessorImpl.invoke0(Native Method)
	at sun.reflect.NativeMethodAccessorImpl.invoke(NativeMethodAccessorImpl.java:57)
	at sun.reflect.DelegatingMethodAccessorImpl.invoke(DelegatingMethodAccessorImpl.java:43)
	at java.lang.reflect.Method.invoke(Method.java:606)
	at org.codehaus.plexus.classworlds.launcher.Launcher.launchEnhanced(Launcher.java:289)
	at org.codehaus.plexus.classworlds.launcher.Launcher.launch(Launcher.java:229)
	at org.codehaus.plexus.classworlds.launcher.Launcher.mainWithExitCode(Launcher.java:415)
	at org.codehaus.plexus.classworlds.launcher.Launcher.main(Launcher.java:356)
Caused by: org.springframework.beans.factory.CannotLoadBeanClassException: Cannot find class [com.keytec.activemq.rop.LzaAppSecretManager] for bean with name 'lzaAppSecretManager' defined in file [E:\workspace4.4\activemq-spring-demo\target\classes\applicationContext-rop.xml]; nested exception is java.lang.ClassNotFoundException: com.keytec.activemq.rop.LzaAppSecretManager
	at org.springframework.beans.factory.support.AbstractBeanFactory.resolveBeanClass(AbstractBeanFactory.java:1325)
	at org.springframework.beans.factory.support.AbstractAutowireCapableBeanFactory.createBean(AbstractAutowireCapableBeanFactory.java:453)
	at org.springframework.beans.factory.support.AbstractBeanFactory$1.getObject(AbstractBeanFactory.java:302)
	at org.springframework.beans.factory.support.DefaultSingletonBeanRegistry.getSingleton(DefaultSingletonBeanRegistry.java:229)
	at org.springframework.beans.factory.support.AbstractBeanFactory.doGetBean(AbstractBeanFactory.java:298)
	at org.springframework.beans.factory.support.AbstractBeanFactory.getBean(AbstractBeanFactory.java:193)
	at org.springframework.beans.factory.support.BeanDefinitionValueResolver.resolveReference(BeanDefinitionValueResolver.java:351)
	... 45 more
Caused by: java.lang.ClassNotFoundException: com.keytec.activemq.rop.LzaAppSecretManager
	at org.apache.catalina.loader.WebappClassLoader.loadClass(WebappClassLoader.java:1645)
	at org.apache.catalina.loader.WebappClassLoader.loadClass(WebappClassLoader.java:1491)
	at org.springframework.util.ClassUtils.forName(ClassUtils.java:249)
	at org.springframework.beans.factory.support.AbstractBeanDefinition.resolveBeanClass(AbstractBeanDefinition.java:395)
	at org.springframework.beans.factory.support.AbstractBeanFactory.doResolveBeanClass(AbstractBeanFactory.java:1346)
	at org.springframework.beans.factory.support.AbstractBeanFactory.resolveBeanClass(AbstractBeanFactory.java:1317)
	... 51 more
2015-06-23 16:39:53 ContextLoader [ERROR] Context initialization failed
org.springframework.beans.factory.BeanCreationException: Error creating bean with name 'router': Cannot resolve reference to bean 'lzaAppSecretManager' while setting bean property 'appSecretManager'; nested exception is org.springframework.beans.factory.CannotLoadBeanClassException: Cannot find class [com.keytec.activemq.rop.LzaAppSecretManager] for bean with name 'lzaAppSecretManager' defined in file [E:\workspace4.4\activemq-spring-demo\target\classes\applicationContext-rop.xml]; nested exception is java.lang.ClassNotFoundException: com.keytec.activemq.rop.LzaAppSecretManager
	at org.springframework.beans.factory.support.BeanDefinitionValueResolver.resolveReference(BeanDefinitionValueResolver.java:359)
	at org.springframework.beans.factory.support.BeanDefinitionValueResolver.resolveValueIfNecessary(BeanDefinitionValueResolver.java:108)
	at org.springframework.beans.factory.support.AbstractAutowireCapableBeanFactory.applyPropertyValues(AbstractAutowireCapableBeanFactory.java:1471)
	at org.springframework.beans.factory.support.AbstractAutowireCapableBeanFactory.populateBean(AbstractAutowireCapableBeanFactory.java:1216)
	at org.springframework.beans.factory.support.AbstractAutowireCapableBeanFactory.doCreateBean(AbstractAutowireCapableBeanFactory.java:538)
	at org.springframework.beans.factory.support.AbstractAutowireCapableBeanFactory.createBean(AbstractAutowireCapableBeanFactory.java:476)
	at org.springframework.beans.factory.support.AbstractBeanFactory$1.getObject(AbstractBeanFactory.java:302)
	at org.springframework.beans.factory.support.DefaultSingletonBeanRegistry.getSingleton(DefaultSingletonBeanRegistry.java:229)
	at org.springframework.beans.factory.support.AbstractBeanFactory.doGetBean(AbstractBeanFactory.java:298)
	at org.springframework.beans.factory.support.AbstractBeanFactory.getBean(AbstractBeanFactory.java:193)
	at org.springframework.beans.factory.support.DefaultListableBeanFactory.preInstantiateSingletons(DefaultListableBeanFactory.java:743)
	at org.springframework.context.support.AbstractApplicationContext.finishBeanFactoryInitialization(AbstractApplicationContext.java:757)
	at org.springframework.context.support.AbstractApplicationContext.refresh(AbstractApplicationContext.java:480)
	at org.springframework.web.context.ContextLoader.configureAndRefreshWebApplicationContext(ContextLoader.java:389)
	at org.springframework.web.context.ContextLoader.initWebApplicationContext(ContextLoader.java:294)
	at org.springframework.web.context.ContextLoaderListener.contextInitialized(ContextLoaderListener.java:112)
	at org.apache.catalina.core.StandardContext.listenerStart(StandardContext.java:4135)
	at org.apache.catalina.core.StandardContext.start(StandardContext.java:4630)
	at org.apache.catalina.core.ContainerBase.start(ContainerBase.java:1045)
	at org.apache.catalina.core.StandardHost.start(StandardHost.java:785)
	at org.apache.catalina.core.ContainerBase.start(ContainerBase.java:1045)
	at org.apache.catalina.core.StandardEngine.start(StandardEngine.java:445)
	at org.apache.catalina.startup.Embedded.start(Embedded.java:825)
	at org.codehaus.mojo.tomcat.AbstractRunMojo.startContainer(AbstractRunMojo.java:558)
	at org.codehaus.mojo.tomcat.AbstractRunMojo.execute(AbstractRunMojo.java:255)
	at org.apache.maven.plugin.DefaultBuildPluginManager.executeMojo(DefaultBuildPluginManager.java:132)
	at org.apache.maven.lifecycle.internal.MojoExecutor.execute(MojoExecutor.java:208)
	at org.apache.maven.lifecycle.internal.MojoExecutor.execute(MojoExecutor.java:153)
	at org.apache.maven.lifecycle.internal.MojoExecutor.execute(MojoExecutor.java:145)
	at org.apache.maven.lifecycle.internal.LifecycleModuleBuilder.buildProject(LifecycleModuleBuilder.java:116)
	at org.apache.maven.lifecycle.internal.LifecycleModuleBuilder.buildProject(LifecycleModuleBuilder.java:80)
	at org.apache.maven.lifecycle.internal.builder.singlethreaded.SingleThreadedBuilder.build(SingleThreadedBuilder.java:51)
	at org.apache.maven.lifecycle.internal.LifecycleStarter.execute(LifecycleStarter.java:120)
	at org.apache.maven.DefaultMaven.doExecute(DefaultMaven.java:347)
	at org.apache.maven.DefaultMaven.execute(DefaultMaven.java:154)
	at org.apache.maven.cli.MavenCli.execute(MavenCli.java:584)
	at org.apache.maven.cli.MavenCli.doMain(MavenCli.java:213)
	at org.apache.maven.cli.MavenCli.main(MavenCli.java:157)
	at sun.reflect.NativeMethodAccessorImpl.invoke0(Native Method)
	at sun.reflect.NativeMethodAccessorImpl.invoke(NativeMethodAccessorImpl.java:57)
	at sun.reflect.DelegatingMethodAccessorImpl.invoke(DelegatingMethodAccessorImpl.java:43)
	at java.lang.reflect.Method.invoke(Method.java:606)
	at org.codehaus.plexus.classworlds.launcher.Launcher.launchEnhanced(Launcher.java:289)
	at org.codehaus.plexus.classworlds.launcher.Launcher.launch(Launcher.java:229)
	at org.codehaus.plexus.classworlds.launcher.Launcher.mainWithExitCode(Launcher.java:415)
	at org.codehaus.plexus.classworlds.launcher.Launcher.main(Launcher.java:356)
Caused by: org.springframework.beans.factory.CannotLoadBeanClassException: Cannot find class [com.keytec.activemq.rop.LzaAppSecretManager] for bean with name 'lzaAppSecretManager' defined in file [E:\workspace4.4\activemq-spring-demo\target\classes\applicationContext-rop.xml]; nested exception is java.lang.ClassNotFoundException: com.keytec.activemq.rop.LzaAppSecretManager
	at org.springframework.beans.factory.support.AbstractBeanFactory.resolveBeanClass(AbstractBeanFactory.java:1325)
	at org.springframework.beans.factory.support.AbstractAutowireCapableBeanFactory.createBean(AbstractAutowireCapableBeanFactory.java:453)
	at org.springframework.beans.factory.support.AbstractBeanFactory$1.getObject(AbstractBeanFactory.java:302)
	at org.springframework.beans.factory.support.DefaultSingletonBeanRegistry.getSingleton(DefaultSingletonBeanRegistry.java:229)
	at org.springframework.beans.factory.support.AbstractBeanFactory.doGetBean(AbstractBeanFactory.java:298)
	at org.springframework.beans.factory.support.AbstractBeanFactory.getBean(AbstractBeanFactory.java:193)
	at org.springframework.beans.factory.support.BeanDefinitionValueResolver.resolveReference(BeanDefinitionValueResolver.java:351)
	... 45 more
Caused by: java.lang.ClassNotFoundException: com.keytec.activemq.rop.LzaAppSecretManager
	at org.apache.catalina.loader.WebappClassLoader.loadClass(WebappClassLoader.java:1645)
	at org.apache.catalina.loader.WebappClassLoader.loadClass(WebappClassLoader.java:1491)
	at org.springframework.util.ClassUtils.forName(ClassUtils.java:249)
	at org.springframework.beans.factory.support.AbstractBeanDefinition.resolveBeanClass(AbstractBeanDefinition.java:395)
	at org.springframework.beans.factory.support.AbstractBeanFactory.doResolveBeanClass(AbstractBeanFactory.java:1346)
	at org.springframework.beans.factory.support.AbstractBeanFactory.resolveBeanClass(AbstractBeanFactory.java:1317)
	... 51 more
2015-06-23 16:40:30 ContextLoader [INFO] Root WebApplicationContext: initialization started
2015-06-23 16:40:30 XmlWebApplicationContext [INFO] Refreshing Root WebApplicationContext: startup date [Tue Jun 23 16:40:30 CST 2015]; root of context hierarchy
2015-06-23 16:40:30 XmlBeanDefinitionReader [INFO] Loading XML bean definitions from file [E:\workspace4.4\activemq-spring-demo\target\classes\applicationContext-common.xml]
2015-06-23 16:40:30 XmlBeanDefinitionReader [INFO] Loading XML bean definitions from file [E:\workspace4.4\activemq-spring-demo\target\classes\applicationContext-rop.xml]
2015-06-23 16:40:30 AnnotationDrivenBeanDefinitionParser [DEBUG] Please use /i18n/rop/sampleRopError,i18n/rop/sampleRopError1 of schema to set error resources
2015-06-23 16:40:30 AutowiredAnnotationBeanPostProcessor [INFO] JSR-330 'javax.inject.Inject' annotation found and supported for autowiring
2015-06-23 16:40:30 XmlWebApplicationContext [WARN] Exception encountered during context initialization - cancelling refresh attempt
org.springframework.beans.factory.BeanCreationException: Error creating bean with name 'router': Cannot resolve reference to bean 'lzaAppSecretManager' while setting bean property 'appSecretManager'; nested exception is org.springframework.beans.factory.CannotLoadBeanClassException: Cannot find class [com.keytec.activemq.rop.secret.LzaAppSecretManager] for bean with name 'lzaAppSecretManager' defined in file [E:\workspace4.4\activemq-spring-demo\target\classes\applicationContext-rop.xml]; nested exception is java.lang.ClassNotFoundException: com.keytec.activemq.rop.secret.LzaAppSecretManager
	at org.springframework.beans.factory.support.BeanDefinitionValueResolver.resolveReference(BeanDefinitionValueResolver.java:359)
	at org.springframework.beans.factory.support.BeanDefinitionValueResolver.resolveValueIfNecessary(BeanDefinitionValueResolver.java:108)
	at org.springframework.beans.factory.support.AbstractAutowireCapableBeanFactory.applyPropertyValues(AbstractAutowireCapableBeanFactory.java:1471)
	at org.springframework.beans.factory.support.AbstractAutowireCapableBeanFactory.populateBean(AbstractAutowireCapableBeanFactory.java:1216)
	at org.springframework.beans.factory.support.AbstractAutowireCapableBeanFactory.doCreateBean(AbstractAutowireCapableBeanFactory.java:538)
	at org.springframework.beans.factory.support.AbstractAutowireCapableBeanFactory.createBean(AbstractAutowireCapableBeanFactory.java:476)
	at org.springframework.beans.factory.support.AbstractBeanFactory$1.getObject(AbstractBeanFactory.java:302)
	at org.springframework.beans.factory.support.DefaultSingletonBeanRegistry.getSingleton(DefaultSingletonBeanRegistry.java:229)
	at org.springframework.beans.factory.support.AbstractBeanFactory.doGetBean(AbstractBeanFactory.java:298)
	at org.springframework.beans.factory.support.AbstractBeanFactory.getBean(AbstractBeanFactory.java:193)
	at org.springframework.beans.factory.support.DefaultListableBeanFactory.preInstantiateSingletons(DefaultListableBeanFactory.java:743)
	at org.springframework.context.support.AbstractApplicationContext.finishBeanFactoryInitialization(AbstractApplicationContext.java:757)
	at org.springframework.context.support.AbstractApplicationContext.refresh(AbstractApplicationContext.java:480)
	at org.springframework.web.context.ContextLoader.configureAndRefreshWebApplicationContext(ContextLoader.java:389)
	at org.springframework.web.context.ContextLoader.initWebApplicationContext(ContextLoader.java:294)
	at org.springframework.web.context.ContextLoaderListener.contextInitialized(ContextLoaderListener.java:112)
	at org.apache.catalina.core.StandardContext.listenerStart(StandardContext.java:4135)
	at org.apache.catalina.core.StandardContext.start(StandardContext.java:4630)
	at org.apache.catalina.core.ContainerBase.start(ContainerBase.java:1045)
	at org.apache.catalina.core.StandardHost.start(StandardHost.java:785)
	at org.apache.catalina.core.ContainerBase.start(ContainerBase.java:1045)
	at org.apache.catalina.core.StandardEngine.start(StandardEngine.java:445)
	at org.apache.catalina.startup.Embedded.start(Embedded.java:825)
	at org.codehaus.mojo.tomcat.AbstractRunMojo.startContainer(AbstractRunMojo.java:558)
	at org.codehaus.mojo.tomcat.AbstractRunMojo.execute(AbstractRunMojo.java:255)
	at org.apache.maven.plugin.DefaultBuildPluginManager.executeMojo(DefaultBuildPluginManager.java:132)
	at org.apache.maven.lifecycle.internal.MojoExecutor.execute(MojoExecutor.java:208)
	at org.apache.maven.lifecycle.internal.MojoExecutor.execute(MojoExecutor.java:153)
	at org.apache.maven.lifecycle.internal.MojoExecutor.execute(MojoExecutor.java:145)
	at org.apache.maven.lifecycle.internal.LifecycleModuleBuilder.buildProject(LifecycleModuleBuilder.java:116)
	at org.apache.maven.lifecycle.internal.LifecycleModuleBuilder.buildProject(LifecycleModuleBuilder.java:80)
	at org.apache.maven.lifecycle.internal.builder.singlethreaded.SingleThreadedBuilder.build(SingleThreadedBuilder.java:51)
	at org.apache.maven.lifecycle.internal.LifecycleStarter.execute(LifecycleStarter.java:120)
	at org.apache.maven.DefaultMaven.doExecute(DefaultMaven.java:347)
	at org.apache.maven.DefaultMaven.execute(DefaultMaven.java:154)
	at org.apache.maven.cli.MavenCli.execute(MavenCli.java:584)
	at org.apache.maven.cli.MavenCli.doMain(MavenCli.java:213)
	at org.apache.maven.cli.MavenCli.main(MavenCli.java:157)
	at sun.reflect.NativeMethodAccessorImpl.invoke0(Native Method)
	at sun.reflect.NativeMethodAccessorImpl.invoke(NativeMethodAccessorImpl.java:57)
	at sun.reflect.DelegatingMethodAccessorImpl.invoke(DelegatingMethodAccessorImpl.java:43)
	at java.lang.reflect.Method.invoke(Method.java:606)
	at org.codehaus.plexus.classworlds.launcher.Launcher.launchEnhanced(Launcher.java:289)
	at org.codehaus.plexus.classworlds.launcher.Launcher.launch(Launcher.java:229)
	at org.codehaus.plexus.classworlds.launcher.Launcher.mainWithExitCode(Launcher.java:415)
	at org.codehaus.plexus.classworlds.launcher.Launcher.main(Launcher.java:356)
Caused by: org.springframework.beans.factory.CannotLoadBeanClassException: Cannot find class [com.keytec.activemq.rop.secret.LzaAppSecretManager] for bean with name 'lzaAppSecretManager' defined in file [E:\workspace4.4\activemq-spring-demo\target\classes\applicationContext-rop.xml]; nested exception is java.lang.ClassNotFoundException: com.keytec.activemq.rop.secret.LzaAppSecretManager
	at org.springframework.beans.factory.support.AbstractBeanFactory.resolveBeanClass(AbstractBeanFactory.java:1325)
	at org.springframework.beans.factory.support.AbstractAutowireCapableBeanFactory.createBean(AbstractAutowireCapableBeanFactory.java:453)
	at org.springframework.beans.factory.support.AbstractBeanFactory$1.getObject(AbstractBeanFactory.java:302)
	at org.springframework.beans.factory.support.DefaultSingletonBeanRegistry.getSingleton(DefaultSingletonBeanRegistry.java:229)
	at org.springframework.beans.factory.support.AbstractBeanFactory.doGetBean(AbstractBeanFactory.java:298)
	at org.springframework.beans.factory.support.AbstractBeanFactory.getBean(AbstractBeanFactory.java:193)
	at org.springframework.beans.factory.support.BeanDefinitionValueResolver.resolveReference(BeanDefinitionValueResolver.java:351)
	... 45 more
Caused by: java.lang.ClassNotFoundException: com.keytec.activemq.rop.secret.LzaAppSecretManager
	at org.apache.catalina.loader.WebappClassLoader.loadClass(WebappClassLoader.java:1645)
	at org.apache.catalina.loader.WebappClassLoader.loadClass(WebappClassLoader.java:1491)
	at org.springframework.util.ClassUtils.forName(ClassUtils.java:249)
	at org.springframework.beans.factory.support.AbstractBeanDefinition.resolveBeanClass(AbstractBeanDefinition.java:395)
	at org.springframework.beans.factory.support.AbstractBeanFactory.doResolveBeanClass(AbstractBeanFactory.java:1346)
	at org.springframework.beans.factory.support.AbstractBeanFactory.resolveBeanClass(AbstractBeanFactory.java:1317)
	... 51 more
2015-06-23 16:40:30 ContextLoader [ERROR] Context initialization failed
org.springframework.beans.factory.BeanCreationException: Error creating bean with name 'router': Cannot resolve reference to bean 'lzaAppSecretManager' while setting bean property 'appSecretManager'; nested exception is org.springframework.beans.factory.CannotLoadBeanClassException: Cannot find class [com.keytec.activemq.rop.secret.LzaAppSecretManager] for bean with name 'lzaAppSecretManager' defined in file [E:\workspace4.4\activemq-spring-demo\target\classes\applicationContext-rop.xml]; nested exception is java.lang.ClassNotFoundException: com.keytec.activemq.rop.secret.LzaAppSecretManager
	at org.springframework.beans.factory.support.BeanDefinitionValueResolver.resolveReference(BeanDefinitionValueResolver.java:359)
	at org.springframework.beans.factory.support.BeanDefinitionValueResolver.resolveValueIfNecessary(BeanDefinitionValueResolver.java:108)
	at org.springframework.beans.factory.support.AbstractAutowireCapableBeanFactory.applyPropertyValues(AbstractAutowireCapableBeanFactory.java:1471)
	at org.springframework.beans.factory.support.AbstractAutowireCapableBeanFactory.populateBean(AbstractAutowireCapableBeanFactory.java:1216)
	at org.springframework.beans.factory.support.AbstractAutowireCapableBeanFactory.doCreateBean(AbstractAutowireCapableBeanFactory.java:538)
	at org.springframework.beans.factory.support.AbstractAutowireCapableBeanFactory.createBean(AbstractAutowireCapableBeanFactory.java:476)
	at org.springframework.beans.factory.support.AbstractBeanFactory$1.getObject(AbstractBeanFactory.java:302)
	at org.springframework.beans.factory.support.DefaultSingletonBeanRegistry.getSingleton(DefaultSingletonBeanRegistry.java:229)
	at org.springframework.beans.factory.support.AbstractBeanFactory.doGetBean(AbstractBeanFactory.java:298)
	at org.springframework.beans.factory.support.AbstractBeanFactory.getBean(AbstractBeanFactory.java:193)
	at org.springframework.beans.factory.support.DefaultListableBeanFactory.preInstantiateSingletons(DefaultListableBeanFactory.java:743)
	at org.springframework.context.support.AbstractApplicationContext.finishBeanFactoryInitialization(AbstractApplicationContext.java:757)
	at org.springframework.context.support.AbstractApplicationContext.refresh(AbstractApplicationContext.java:480)
	at org.springframework.web.context.ContextLoader.configureAndRefreshWebApplicationContext(ContextLoader.java:389)
	at org.springframework.web.context.ContextLoader.initWebApplicationContext(ContextLoader.java:294)
	at org.springframework.web.context.ContextLoaderListener.contextInitialized(ContextLoaderListener.java:112)
	at org.apache.catalina.core.StandardContext.listenerStart(StandardContext.java:4135)
	at org.apache.catalina.core.StandardContext.start(StandardContext.java:4630)
	at org.apache.catalina.core.ContainerBase.start(ContainerBase.java:1045)
	at org.apache.catalina.core.StandardHost.start(StandardHost.java:785)
	at org.apache.catalina.core.ContainerBase.start(ContainerBase.java:1045)
	at org.apache.catalina.core.StandardEngine.start(StandardEngine.java:445)
	at org.apache.catalina.startup.Embedded.start(Embedded.java:825)
	at org.codehaus.mojo.tomcat.AbstractRunMojo.startContainer(AbstractRunMojo.java:558)
	at org.codehaus.mojo.tomcat.AbstractRunMojo.execute(AbstractRunMojo.java:255)
	at org.apache.maven.plugin.DefaultBuildPluginManager.executeMojo(DefaultBuildPluginManager.java:132)
	at org.apache.maven.lifecycle.internal.MojoExecutor.execute(MojoExecutor.java:208)
	at org.apache.maven.lifecycle.internal.MojoExecutor.execute(MojoExecutor.java:153)
	at org.apache.maven.lifecycle.internal.MojoExecutor.execute(MojoExecutor.java:145)
	at org.apache.maven.lifecycle.internal.LifecycleModuleBuilder.buildProject(LifecycleModuleBuilder.java:116)
	at org.apache.maven.lifecycle.internal.LifecycleModuleBuilder.buildProject(LifecycleModuleBuilder.java:80)
	at org.apache.maven.lifecycle.internal.builder.singlethreaded.SingleThreadedBuilder.build(SingleThreadedBuilder.java:51)
	at org.apache.maven.lifecycle.internal.LifecycleStarter.execute(LifecycleStarter.java:120)
	at org.apache.maven.DefaultMaven.doExecute(DefaultMaven.java:347)
	at org.apache.maven.DefaultMaven.execute(DefaultMaven.java:154)
	at org.apache.maven.cli.MavenCli.execute(MavenCli.java:584)
	at org.apache.maven.cli.MavenCli.doMain(MavenCli.java:213)
	at org.apache.maven.cli.MavenCli.main(MavenCli.java:157)
	at sun.reflect.NativeMethodAccessorImpl.invoke0(Native Method)
	at sun.reflect.NativeMethodAccessorImpl.invoke(NativeMethodAccessorImpl.java:57)
	at sun.reflect.DelegatingMethodAccessorImpl.invoke(DelegatingMethodAccessorImpl.java:43)
	at java.lang.reflect.Method.invoke(Method.java:606)
	at org.codehaus.plexus.classworlds.launcher.Launcher.launchEnhanced(Launcher.java:289)
	at org.codehaus.plexus.classworlds.launcher.Launcher.launch(Launcher.java:229)
	at org.codehaus.plexus.classworlds.launcher.Launcher.mainWithExitCode(Launcher.java:415)
	at org.codehaus.plexus.classworlds.launcher.Launcher.main(Launcher.java:356)
Caused by: org.springframework.beans.factory.CannotLoadBeanClassException: Cannot find class [com.keytec.activemq.rop.secret.LzaAppSecretManager] for bean with name 'lzaAppSecretManager' defined in file [E:\workspace4.4\activemq-spring-demo\target\classes\applicationContext-rop.xml]; nested exception is java.lang.ClassNotFoundException: com.keytec.activemq.rop.secret.LzaAppSecretManager
	at org.springframework.beans.factory.support.AbstractBeanFactory.resolveBeanClass(AbstractBeanFactory.java:1325)
	at org.springframework.beans.factory.support.AbstractAutowireCapableBeanFactory.createBean(AbstractAutowireCapableBeanFactory.java:453)
	at org.springframework.beans.factory.support.AbstractBeanFactory$1.getObject(AbstractBeanFactory.java:302)
	at org.springframework.beans.factory.support.DefaultSingletonBeanRegistry.getSingleton(DefaultSingletonBeanRegistry.java:229)
	at org.springframework.beans.factory.support.AbstractBeanFactory.doGetBean(AbstractBeanFactory.java:298)
	at org.springframework.beans.factory.support.AbstractBeanFactory.getBean(AbstractBeanFactory.java:193)
	at org.springframework.beans.factory.support.BeanDefinitionValueResolver.resolveReference(BeanDefinitionValueResolver.java:351)
	... 45 more
Caused by: java.lang.ClassNotFoundException: com.keytec.activemq.rop.secret.LzaAppSecretManager
	at org.apache.catalina.loader.WebappClassLoader.loadClass(WebappClassLoader.java:1645)
	at org.apache.catalina.loader.WebappClassLoader.loadClass(WebappClassLoader.java:1491)
	at org.springframework.util.ClassUtils.forName(ClassUtils.java:249)
	at org.springframework.beans.factory.support.AbstractBeanDefinition.resolveBeanClass(AbstractBeanDefinition.java:395)
	at org.springframework.beans.factory.support.AbstractBeanFactory.doResolveBeanClass(AbstractBeanFactory.java:1346)
	at org.springframework.beans.factory.support.AbstractBeanFactory.resolveBeanClass(AbstractBeanFactory.java:1317)
	... 51 more
2015-06-23 16:42:06 ContextLoader [INFO] Root WebApplicationContext: initialization started
2015-06-23 16:42:06 XmlWebApplicationContext [INFO] Refreshing Root WebApplicationContext: startup date [Tue Jun 23 16:42:06 CST 2015]; root of context hierarchy
2015-06-23 16:42:06 XmlBeanDefinitionReader [INFO] Loading XML bean definitions from file [E:\workspace4.4\activemq-spring-demo\target\classes\applicationContext-common.xml]
2015-06-23 16:42:06 XmlBeanDefinitionReader [INFO] Loading XML bean definitions from file [E:\workspace4.4\activemq-spring-demo\target\classes\applicationContext-rop.xml]
2015-06-23 16:42:06 AnnotationDrivenBeanDefinitionParser [DEBUG] Please use /i18n/rop/sampleRopError,i18n/rop/sampleRopError1 of schema to set error resources
2015-06-23 16:42:06 AutowiredAnnotationBeanPostProcessor [INFO] JSR-330 'javax.inject.Inject' annotation found and supported for autowiring
2015-06-23 16:42:06 ThreadPoolExecutorFactoryBean [INFO] Initializing ExecutorService  'org.springframework.scheduling.concurrent.ThreadPoolExecutorFactoryBean#0'
2015-06-23 16:42:06 AnnotationServletServiceRouter [DEBUG] extErrorBasenames set to i18n/rop/sampleRopError
2015-06-23 16:42:06 AnnotationServletServiceRouter [DEBUG] securityManager set to com.rop.security.DefaultSecurityManager
2015-06-23 16:42:06 AnnotationServletServiceRouter [DEBUG] threadPoolExecutor set to java.util.concurrent.ThreadPoolExecutor
2015-06-23 16:42:06 AnnotationServletServiceRouter [DEBUG] corePoolSize:200
2015-06-23 16:42:06 AnnotationServletServiceRouter [DEBUG] maxPoolSize:500
2015-06-23 16:42:06 AnnotationServletServiceRouter [DEBUG] keepAliveSeconds:300 seconds
2015-06-23 16:42:06 AnnotationServletServiceRouter [DEBUG] queueCapacity:50
2015-06-23 16:42:06 AnnotationServletServiceRouter [DEBUG] serviceTimeoutSeconds set to 50
2015-06-23 16:42:06 AnnotationServletServiceRouter [DEBUG] formatConversionService set to org.springframework.format.support.DefaultFormattingConversionService
2015-06-23 16:42:06 AnnotationServletServiceRouter [DEBUG] sessionManager set to com.keytec.activemq.rop.SampleSessionManager
2015-06-23 16:42:06 AnnotationServletServiceRouter [DEBUG] ThreadFerry set to com.rop.impl.DumbThreadFerry
2015-06-23 16:42:06 AnnotationServletServiceRouter [DEBUG] InvokeTimesController set to com.rop.security.DefaultInvokeTimesController
2015-06-23 16:42:06 AnnotationServletServiceRouter [INFO] Rop...
2015-06-23 16:42:06 DefaultRopContext [DEBUG] SpringBeanROP: Root WebApplicationContext: startup date [Tue Jun 23 16:42:06 CST 2015]; root of context hierarchy
2015-06-23 16:42:06 DefaultRopContext [DEBUG] com.keytec.activemq.model.TopicMessage
2015-06-23 16:42:06 DefaultRopContext [DEBUG] com.keytec.activemq.model.TopicMessage:[sign, ropRequestContext]
2015-06-23 16:42:06 DefaultRopContext [DEBUG] com.keytec.activemq.model.TopicMessageFileItem
2015-06-23 16:42:06 DefaultRopContext [DEBUG] com.keytec.activemq.topic.MessageWebService#addVersions(..)
2015-06-23 16:42:06 DefaultRopContext [INFO] 1
2015-06-23 16:42:06 AnnotationServletServiceRouter [DEBUG] add  interceptor com.rop.session.SessionBindInterceptor
2015-06-23 16:42:06 AnnotationServletServiceRouter [INFO] i18n/rop/error,i18n/rop/sampleRopError,i18n/rop/sampleRopError1
2015-06-23 16:42:06 AnnotationServletServiceRouter [INFO] Rop
2015-06-23 16:42:06 ContextLoader [INFO] Root WebApplicationContext: initialization completed in 672 ms
2015-06-23 16:45:41 AnnotationServletServiceRouter [DEBUG] messsage.send(1.0)
2015-06-23 16:45:41 Version [INFO] Hibernate Validator 4.2.0.Final
2015-06-23 16:45:41 AnnotationServiceMethodAdapter [DEBUG] class com.keytec.activemq.topic.MessageWebService.addVersions
2015-06-23 16:45:42 AnnotationServletServiceRouter [DEBUG] {}
2015-06-23 16:53:20 ContextLoader [INFO] Root WebApplicationContext: initialization started
2015-06-23 16:53:20 XmlWebApplicationContext [INFO] Refreshing Root WebApplicationContext: startup date [Tue Jun 23 16:53:20 CST 2015]; root of context hierarchy
2015-06-23 16:53:21 XmlBeanDefinitionReader [INFO] Loading XML bean definitions from file [E:\workspace4.4\activemq-spring-demo\target\classes\applicationContext-common.xml]
2015-06-23 16:53:21 XmlBeanDefinitionReader [INFO] Loading XML bean definitions from file [E:\workspace4.4\activemq-spring-demo\target\classes\applicationContext-rop.xml]
2015-06-23 16:53:21 AnnotationDrivenBeanDefinitionParser [DEBUG] Please use /i18n/rop/sampleRopError,i18n/rop/sampleRopError1 of schema to set error resources
2015-06-23 16:53:21 AutowiredAnnotationBeanPostProcessor [INFO] JSR-330 'javax.inject.Inject' annotation found and supported for autowiring
2015-06-23 16:53:21 ThreadPoolExecutorFactoryBean [INFO] Initializing ExecutorService  'org.springframework.scheduling.concurrent.ThreadPoolExecutorFactoryBean#0'
2015-06-23 16:53:21 AnnotationServletServiceRouter [DEBUG] extErrorBasenames set to i18n/rop/sampleRopError
2015-06-23 16:53:21 AnnotationServletServiceRouter [DEBUG] securityManager set to com.rop.security.DefaultSecurityManager
2015-06-23 16:53:21 AnnotationServletServiceRouter [DEBUG] threadPoolExecutor set to java.util.concurrent.ThreadPoolExecutor
2015-06-23 16:53:21 AnnotationServletServiceRouter [DEBUG] corePoolSize:200
2015-06-23 16:53:21 AnnotationServletServiceRouter [DEBUG] maxPoolSize:500
2015-06-23 16:53:21 AnnotationServletServiceRouter [DEBUG] keepAliveSeconds:300 seconds
2015-06-23 16:53:21 AnnotationServletServiceRouter [DEBUG] queueCapacity:50
2015-06-23 16:53:21 AnnotationServletServiceRouter [DEBUG] serviceTimeoutSeconds set to 50
2015-06-23 16:53:21 AnnotationServletServiceRouter [DEBUG] formatConversionService set to org.springframework.format.support.DefaultFormattingConversionService
2015-06-23 16:53:21 AnnotationServletServiceRouter [DEBUG] sessionManager set to com.keytec.activemq.rop.SampleSessionManager
2015-06-23 16:53:21 AnnotationServletServiceRouter [DEBUG] ThreadFerry set to com.rop.impl.DumbThreadFerry
2015-06-23 16:53:21 AnnotationServletServiceRouter [DEBUG] InvokeTimesController set to com.rop.security.DefaultInvokeTimesController
2015-06-23 16:53:21 AnnotationServletServiceRouter [INFO] Rop...
2015-06-23 16:53:21 DefaultRopContext [DEBUG] SpringBeanROP: Root WebApplicationContext: startup date [Tue Jun 23 16:53:20 CST 2015]; root of context hierarchy
2015-06-23 16:53:21 DefaultRopContext [DEBUG] com.keytec.activemq.model.TopicMessage
2015-06-23 16:53:21 DefaultRopContext [DEBUG] com.keytec.activemq.model.TopicMessage:[sign, ropRequestContext]
2015-06-23 16:53:21 DefaultRopContext [DEBUG] com.keytec.activemq.model.TopicMessageFileItem
2015-06-23 16:53:21 DefaultRopContext [DEBUG] com.keytec.activemq.topic.MessageWebService#addVersions(..)
2015-06-23 16:53:21 DefaultRopContext [INFO] 1
2015-06-23 16:53:21 AnnotationServletServiceRouter [DEBUG] add  interceptor com.rop.session.SessionBindInterceptor
2015-06-23 16:53:21 AnnotationServletServiceRouter [INFO] i18n/rop/error,i18n/rop/sampleRopError,i18n/rop/sampleRopError1
2015-06-23 16:53:21 AnnotationServletServiceRouter [INFO] Rop
2015-06-23 16:53:21 ContextLoader [INFO] Root WebApplicationContext: initialization completed in 573 ms
2015-06-23 16:53:32 AnnotationServletServiceRouter [DEBUG] messsage.send(1.0)
2015-06-23 16:53:32 Version [INFO] Hibernate Validator 4.2.0.Final
2015-06-23 16:53:32 AnnotationServiceMethodAdapter [DEBUG] class com.keytec.activemq.topic.MessageWebService.addVersions
2015-06-23 16:53:33 AnnotationServletServiceRouter [DEBUG] {}
2015-06-23 16:53:39 AnnotationServletServiceRouter [DEBUG] messsage.send(1.0)
2015-06-23 16:53:39 AnnotationServiceMethodAdapter [DEBUG] class com.keytec.activemq.topic.MessageWebService.addVersions
2015-06-23 16:53:39 AnnotationServletServiceRouter [DEBUG] {}
2015-06-23 16:53:45 AnnotationServletServiceRouter [DEBUG] messsage.send(1.0)
2015-06-23 16:53:45 AnnotationServiceMethodAdapter [DEBUG] class com.keytec.activemq.topic.MessageWebService.addVersions
2015-06-23 16:53:45 AnnotationServletServiceRouter [DEBUG] {}
2015-06-23 16:55:21 ContextLoader [INFO] Root WebApplicationContext: initialization started
2015-06-23 16:55:21 XmlWebApplicationContext [INFO] Refreshing Root WebApplicationContext: startup date [Tue Jun 23 16:55:21 CST 2015]; root of context hierarchy
2015-06-23 16:55:22 XmlBeanDefinitionReader [INFO] Loading XML bean definitions from file [E:\workspace4.4\activemq-spring-demo\target\classes\applicationContext-common.xml]
2015-06-23 16:55:22 XmlBeanDefinitionReader [INFO] Loading XML bean definitions from file [E:\workspace4.4\activemq-spring-demo\target\classes\applicationContext-rop.xml]
2015-06-23 16:55:22 AnnotationDrivenBeanDefinitionParser [DEBUG] Please use /i18n/rop/sampleRopError,i18n/rop/sampleRopError1 of schema to set error resources
2015-06-23 16:55:22 AutowiredAnnotationBeanPostProcessor [INFO] JSR-330 'javax.inject.Inject' annotation found and supported for autowiring
2015-06-23 16:55:22 ThreadPoolExecutorFactoryBean [INFO] Initializing ExecutorService  'org.springframework.scheduling.concurrent.ThreadPoolExecutorFactoryBean#0'
2015-06-23 16:55:22 AnnotationServletServiceRouter [DEBUG] extErrorBasenames set to i18n/rop/sampleRopError
2015-06-23 16:55:22 AnnotationServletServiceRouter [DEBUG] securityManager set to com.rop.security.DefaultSecurityManager
2015-06-23 16:55:22 AnnotationServletServiceRouter [DEBUG] threadPoolExecutor set to java.util.concurrent.ThreadPoolExecutor
2015-06-23 16:55:22 AnnotationServletServiceRouter [DEBUG] corePoolSize:200
2015-06-23 16:55:22 AnnotationServletServiceRouter [DEBUG] maxPoolSize:500
2015-06-23 16:55:22 AnnotationServletServiceRouter [DEBUG] keepAliveSeconds:300 seconds
2015-06-23 16:55:22 AnnotationServletServiceRouter [DEBUG] queueCapacity:50
2015-06-23 16:55:22 AnnotationServletServiceRouter [DEBUG] serviceTimeoutSeconds set to 50
2015-06-23 16:55:22 AnnotationServletServiceRouter [DEBUG] formatConversionService set to org.springframework.format.support.DefaultFormattingConversionService
2015-06-23 16:55:22 AnnotationServletServiceRouter [DEBUG] sessionManager set to com.keytec.activemq.rop.SampleSessionManager
2015-06-23 16:55:22 AnnotationServletServiceRouter [DEBUG] ThreadFerry set to com.rop.impl.DumbThreadFerry
2015-06-23 16:55:22 AnnotationServletServiceRouter [DEBUG] InvokeTimesController set to com.rop.security.DefaultInvokeTimesController
2015-06-23 16:55:22 AnnotationServletServiceRouter [INFO] Rop...
2015-06-23 16:55:22 DefaultRopContext [DEBUG] SpringBeanROP: Root WebApplicationContext: startup date [Tue Jun 23 16:55:21 CST 2015]; root of context hierarchy
2015-06-23 16:55:22 DefaultRopContext [DEBUG] com.keytec.activemq.model.TopicMessage
2015-06-23 16:55:22 DefaultRopContext [DEBUG] com.keytec.activemq.model.TopicMessage:[sign, ropRequestContext]
2015-06-23 16:55:22 DefaultRopContext [DEBUG] com.keytec.activemq.model.TopicMessageFileItem
2015-06-23 16:55:22 DefaultRopContext [DEBUG] com.keytec.activemq.topic.MessageWebService#addVersions(..)
2015-06-23 16:55:22 DefaultRopContext [INFO] 1
2015-06-23 16:55:22 AnnotationServletServiceRouter [DEBUG] add  interceptor com.rop.session.SessionBindInterceptor
2015-06-23 16:55:22 AnnotationServletServiceRouter [INFO] i18n/rop/error,i18n/rop/sampleRopError,i18n/rop/sampleRopError1
2015-06-23 16:55:22 AnnotationServletServiceRouter [INFO] Rop
2015-06-23 16:55:22 ContextLoader [INFO] Root WebApplicationContext: initialization completed in 552 ms
2015-06-23 16:56:19 AnnotationServletServiceRouter [DEBUG] messsage.send(1.0)
2015-06-23 16:56:20 Version [INFO] Hibernate Validator 4.2.0.Final
2015-06-23 16:56:20 AnnotationServiceMethodAdapter [DEBUG] class com.keytec.activemq.topic.MessageWebService.addVersions
2015-06-23 16:56:20 AnnotationServletServiceRouter [DEBUG] {}
2015-06-23 16:56:52 AnnotationServletServiceRouter [DEBUG] messsage.send(1.0)
2015-06-23 16:56:52 AnnotationServiceMethodAdapter [DEBUG] class com.keytec.activemq.topic.MessageWebService.addVersions
2015-06-23 16:56:53 AnnotationServletServiceRouter [DEBUG] {}
2015-06-23 17:32:54 ContextLoader [INFO] Root WebApplicationContext: initialization started
2015-06-23 17:32:54 XmlWebApplicationContext [INFO] Refreshing Root WebApplicationContext: startup date [Tue Jun 23 17:32:54 CST 2015]; root of context hierarchy
2015-06-23 17:32:55 XmlBeanDefinitionReader [INFO] Loading XML bean definitions from file [E:\eclipse-workspace\activemq-spring-demo\target\classes\applicationContext-common.xml]
2015-06-23 17:32:55 XmlBeanDefinitionReader [INFO] Loading XML bean definitions from file [E:\eclipse-workspace\activemq-spring-demo\target\classes\applicationContext-rop.xml]
2015-06-23 17:32:55 AnnotationDrivenBeanDefinitionParser [DEBUG] Please use /i18n/rop/sampleRopError,i18n/rop/sampleRopError1 of schema to set error resources
2015-06-23 17:32:55 AutowiredAnnotationBeanPostProcessor [INFO] JSR-330 'javax.inject.Inject' annotation found and supported for autowiring
2015-06-23 17:32:55 ThreadPoolExecutorFactoryBean [INFO] Initializing ExecutorService  'org.springframework.scheduling.concurrent.ThreadPoolExecutorFactoryBean#0'
2015-06-23 17:32:55 AnnotationServletServiceRouter [DEBUG] extErrorBasenames set to i18n/rop/sampleRopError
2015-06-23 17:32:55 AnnotationServletServiceRouter [DEBUG] securityManager set to com.rop.security.DefaultSecurityManager
2015-06-23 17:32:55 AnnotationServletServiceRouter [DEBUG] threadPoolExecutor set to java.util.concurrent.ThreadPoolExecutor
2015-06-23 17:32:55 AnnotationServletServiceRouter [DEBUG] corePoolSize:200
2015-06-23 17:32:55 AnnotationServletServiceRouter [DEBUG] maxPoolSize:500
2015-06-23 17:32:55 AnnotationServletServiceRouter [DEBUG] keepAliveSeconds:300 seconds
2015-06-23 17:32:55 AnnotationServletServiceRouter [DEBUG] queueCapacity:50
2015-06-23 17:32:55 AnnotationServletServiceRouter [DEBUG] serviceTimeoutSeconds set to 50
2015-06-23 17:32:55 AnnotationServletServiceRouter [DEBUG] formatConversionService set to org.springframework.format.support.DefaultFormattingConversionService
2015-06-23 17:32:55 AnnotationServletServiceRouter [DEBUG] sessionManager set to com.keytec.activemq.rop.SampleSessionManager
2015-06-23 17:32:55 AnnotationServletServiceRouter [DEBUG] ThreadFerry set to com.rop.impl.DumbThreadFerry
2015-06-23 17:32:55 AnnotationServletServiceRouter [DEBUG] InvokeTimesController set to com.rop.security.DefaultInvokeTimesController
2015-06-23 17:32:55 AnnotationServletServiceRouter [INFO] Rop...
2015-06-23 17:32:55 DefaultRopContext [DEBUG] SpringBeanROP: Root WebApplicationContext: startup date [Tue Jun 23 17:32:54 CST 2015]; root of context hierarchy
2015-06-23 17:32:55 DefaultRopContext [DEBUG] com.keytec.activemq.model.TopicMessage
2015-06-23 17:32:55 DefaultRopContext [DEBUG] com.keytec.activemq.model.TopicMessage:[sign, ropRequestContext]
2015-06-23 17:32:55 DefaultRopContext [DEBUG] com.keytec.activemq.model.TopicMessageFileItem
2015-06-23 17:32:55 DefaultRopContext [DEBUG] com.keytec.activemq.topic.MessageWebService#addVersions(..)
2015-06-23 17:32:55 DefaultRopContext [INFO] 1
2015-06-23 17:32:55 AnnotationServletServiceRouter [DEBUG] add  interceptor com.rop.session.SessionBindInterceptor
2015-06-23 17:32:55 AnnotationServletServiceRouter [INFO] i18n/rop/error,i18n/rop/sampleRopError,i18n/rop/sampleRopError1
2015-06-23 17:32:55 AnnotationServletServiceRouter [INFO] Rop
2015-06-23 17:32:55 ContextLoader [INFO] Root WebApplicationContext: initialization completed in 741 ms
2015-06-23 17:33:53 ContextLoader [INFO] Root WebApplicationContext: initialization started
2015-06-23 17:33:53 XmlWebApplicationContext [INFO] Refreshing Root WebApplicationContext: startup date [Tue Jun 23 17:33:53 CST 2015]; root of context hierarchy
2015-06-23 17:33:53 XmlBeanDefinitionReader [INFO] Loading XML bean definitions from file [E:\eclipse-workspace\activemq-spring-demo\target\classes\applicationContext-common.xml]
2015-06-23 17:33:53 XmlBeanDefinitionReader [INFO] Loading XML bean definitions from file [E:\eclipse-workspace\activemq-spring-demo\target\classes\applicationContext-rop.xml]
2015-06-23 17:33:53 AnnotationDrivenBeanDefinitionParser [DEBUG] Please use /i18n/rop/sampleRopError,i18n/rop/sampleRopError1 of schema to set error resources
2015-06-23 17:33:53 AutowiredAnnotationBeanPostProcessor [INFO] JSR-330 'javax.inject.Inject' annotation found and supported for autowiring
2015-06-23 17:33:53 ThreadPoolExecutorFactoryBean [INFO] Initializing ExecutorService  'org.springframework.scheduling.concurrent.ThreadPoolExecutorFactoryBean#0'
2015-06-23 17:33:53 AnnotationServletServiceRouter [DEBUG] extErrorBasenames set to i18n/rop/sampleRopError
2015-06-23 17:33:53 AnnotationServletServiceRouter [DEBUG] securityManager set to com.rop.security.DefaultSecurityManager
2015-06-23 17:33:53 AnnotationServletServiceRouter [DEBUG] threadPoolExecutor set to java.util.concurrent.ThreadPoolExecutor
2015-06-23 17:33:53 AnnotationServletServiceRouter [DEBUG] corePoolSize:200
2015-06-23 17:33:53 AnnotationServletServiceRouter [DEBUG] maxPoolSize:500
2015-06-23 17:33:53 AnnotationServletServiceRouter [DEBUG] keepAliveSeconds:300 seconds
2015-06-23 17:33:53 AnnotationServletServiceRouter [DEBUG] queueCapacity:50
2015-06-23 17:33:53 AnnotationServletServiceRouter [DEBUG] serviceTimeoutSeconds set to 50
2015-06-23 17:33:53 AnnotationServletServiceRouter [DEBUG] formatConversionService set to org.springframework.format.support.DefaultFormattingConversionService
2015-06-23 17:33:53 AnnotationServletServiceRouter [DEBUG] sessionManager set to com.keytec.activemq.rop.SampleSessionManager
2015-06-23 17:33:53 AnnotationServletServiceRouter [DEBUG] ThreadFerry set to com.rop.impl.DumbThreadFerry
2015-06-23 17:33:53 AnnotationServletServiceRouter [DEBUG] InvokeTimesController set to com.rop.security.DefaultInvokeTimesController
2015-06-23 17:33:53 AnnotationServletServiceRouter [INFO] Rop...
2015-06-23 17:33:54 DefaultRopContext [DEBUG] SpringBeanROP: Root WebApplicationContext: startup date [Tue Jun 23 17:33:53 CST 2015]; root of context hierarchy
2015-06-23 17:33:54 DefaultRopContext [DEBUG] com.keytec.activemq.model.TopicMessage
2015-06-23 17:33:54 DefaultRopContext [DEBUG] com.keytec.activemq.model.TopicMessage:[sign, ropRequestContext]
2015-06-23 17:33:54 DefaultRopContext [DEBUG] com.keytec.activemq.model.TopicMessageFileItem
2015-06-23 17:33:54 DefaultRopContext [DEBUG] com.keytec.activemq.topic.MessageWebService#addVersions(..)
2015-06-23 17:33:54 DefaultRopContext [INFO] 1
2015-06-23 17:33:54 AnnotationServletServiceRouter [DEBUG] add  interceptor com.rop.session.SessionBindInterceptor
2015-06-23 17:33:54 AnnotationServletServiceRouter [INFO] i18n/rop/error,i18n/rop/sampleRopError,i18n/rop/sampleRopError1
2015-06-23 17:33:54 AnnotationServletServiceRouter [INFO] Rop
2015-06-23 17:33:54 ContextLoader [INFO] Root WebApplicationContext: initialization completed in 687 ms
2015-06-23 17:35:48 AnnotationServletServiceRouter [DEBUG] messsage.send(1.0)
2015-06-23 17:35:48 DefaultSecurityManager [WARN] messsage.send1.0
2015-06-23 17:35:48 Version [INFO] Hibernate Validator 4.2.0.Final
2015-06-23 17:35:48 AnnotationServiceMethodAdapter [DEBUG] class com.keytec.activemq.topic.MessageWebService.addVersions
2015-06-23 17:35:48 AnnotationServletServiceRouter [DEBUG] {}
2015-06-23 17:36:37 AnnotationServletServiceRouter [DEBUG] messsage.send(1.0)
2015-06-23 17:36:37 DefaultSecurityManager [WARN] messsage.send1.0
2015-06-23 17:36:37 AnnotationServiceMethodAdapter [DEBUG] class com.keytec.activemq.topic.MessageWebService.addVersions
2015-06-23 17:36:37 AnnotationServletServiceRouter [DEBUG] {}
